18:25:00.547 [main] DEBUG testCases.TC_001_Shopify - application logs....
18:25:00.601 [main] INFO  testCases.TC_001_Shopify - *** Starting TC_001_Shopify
18:25:00.811 [main] INFO  testCases.TC_001_Shopify - click on link Shopify link
18:25:00.902 [main] INFO  testCases.TC_001_Shopify - validating expected message
18:25:00.905 [main] INFO  testCases.TC_001_Shopify - *** finished TC_001_shopify
19:47:10.371 [main] DEBUG testCases.TC_001_Shopify - application logs....
19:47:10.375 [main] INFO  testCases.TC_001_Shopify - *** Starting TC_001_Shopify
19:47:10.629 [main] INFO  testCases.TC_001_Shopify - click on link Shopify link
19:47:10.741 [main] INFO  testCases.TC_001_Shopify - validating expected message
19:47:10.743 [main] INFO  testCases.TC_001_Shopify - *** finished TC_001_shopify
19:49:49.001 [main] DEBUG testCases.TC_001_Shopify - application logs....
19:49:49.007 [main] INFO  testCases.TC_001_Shopify - *** Starting TC_001_Shopify
19:49:49.266 [main] INFO  testCases.TC_001_Shopify - click on link Shopify link
19:49:49.350 [main] INFO  testCases.TC_001_Shopify - validating expected message
19:49:49.353 [main] INFO  testCases.TC_001_Shopify - *** finished TC_001_shopify
10:58:17.307 [main] DEBUG testCases.TC_001_Shopify - application logs....
10:58:17.312 [main] INFO  testCases.TC_001_Shopify - *** Starting TC_001_Shopify
10:58:17.468 [main] INFO  testCases.TC_001_Shopify - click on link Shopify link
10:58:17.531 [main] INFO  testCases.TC_001_Shopify - validating expected message
10:58:17.532 [main] INFO  testCases.TC_001_Shopify - *** finished TC_001_shopify
12:22:37.894 [main] DEBUG testCases.TC_001_Services - application logs....
12:22:37.898 [main] INFO  testCases.TC_001_Services - *** Starting TC_001_Services
12:22:38.099 [main] INFO  testCases.TC_001_Services - click on link Services link
12:22:38.099 [main] INFO  testCases.TC_001_Services - *** finished TC_001_Services
15:10:10.249 [main] DEBUG testCases.TC_002_Shopify - application logs....
15:10:10.257 [main] INFO  testCases.TC_002_Shopify - *** Starting TC_002_Shopify
15:10:10.586 [main] INFO  testCases.TC_002_Shopify - click on Shopify link
15:10:10.691 [main] INFO  testCases.TC_002_Shopify - validating expected message
15:10:10.693 [main] INFO  testCases.TC_002_Shopify - *** finished TC_001_Services
15:11:11.287 [main] DEBUG testCases.TC_001_Services - application logs....
15:11:11.293 [main] INFO  testCases.TC_001_Services - *** Starting TC_001_Services
15:11:11.627 [main] INFO  testCases.TC_001_Services - click on link Services link
15:11:11.627 [main] INFO  testCases.TC_001_Services - *** finished TC_001_Services
15:11:25.696 [main] DEBUG testCases.TC_002_Shopify - application logs....
15:11:25.696 [main] INFO  testCases.TC_002_Shopify - *** Starting TC_002_Shopify
15:11:25.968 [main] INFO  testCases.TC_002_Shopify - click on Shopify link
15:11:26.068 [main] INFO  testCases.TC_002_Shopify - validating expected message
15:11:26.071 [main] INFO  testCases.TC_002_Shopify - *** finished TC_001_Services
16:47:27.020 [main] DEBUG testCases.TC_001_Services - application logs....
16:47:27.025 [main] INFO  testCases.TC_001_Services - *** Starting TC_001_Services
16:47:27.360 [main] INFO  testCases.TC_001_Services - click on link Services link
16:47:27.360 [main] INFO  testCases.TC_001_Services - *** finished TC_001_Services
16:47:41.411 [main] DEBUG testCases.TC_002_Shopify - application logs....
16:47:41.412 [main] INFO  testCases.TC_002_Shopify - *** Starting TC_002_Shopify
16:47:41.650 [main] INFO  testCases.TC_002_Shopify - click on Shopify link
16:47:41.733 [main] INFO  testCases.TC_002_Shopify - validating expected message
16:47:41.736 [main] INFO  testCases.TC_002_Shopify - *** finished TC_001_Services
16:47:52.080 [main] DEBUG testCases.TC_003_Blog - application logs....
16:47:52.080 [main] INFO  testCases.TC_003_Blog - *** Starting TC_003_Blog
16:47:52.344 [main] INFO  testCases.TC_003_Blog - click on Blog link
16:47:52.966 [main] INFO  testCases.TC_003_Blog - validating expected message
16:50:09.848 [main] DEBUG testCases.TC_001_Services - application logs....
16:50:09.852 [main] INFO  testCases.TC_001_Services - *** Starting TC_001_Services
16:50:10.112 [main] INFO  testCases.TC_001_Services - click on link Services link
16:50:10.113 [main] INFO  testCases.TC_001_Services - *** finished TC_001_Services
16:50:26.845 [main] DEBUG testCases.TC_002_Shopify - application logs....
16:50:26.846 [main] INFO  testCases.TC_002_Shopify - *** Starting TC_002_Shopify
16:50:27.042 [main] INFO  testCases.TC_002_Shopify - click on Shopify link
16:50:27.157 [main] INFO  testCases.TC_002_Shopify - validating expected message
16:50:27.161 [main] INFO  testCases.TC_002_Shopify - *** finished TC_001_Services
16:50:38.899 [main] DEBUG testCases.TC_003_Blogs - application logs....
16:50:38.899 [main] INFO  testCases.TC_003_Blogs - *** Starting TC_003_Blogs
16:50:39.085 [main] INFO  testCases.TC_003_Blogs - click on Blog link
16:50:39.615 [main] INFO  testCases.TC_003_Blogs - validating expected message
16:50:39.615 [main] INFO  testCases.TC_003_Blogs - *** finished TC_003_Blogs
17:16:45.742 [main] DEBUG testCases.TC_001_Services - application logs....
17:16:45.748 [main] INFO  testCases.TC_001_Services - *** Starting TC_001_Services
17:16:46.106 [main] INFO  testCases.TC_001_Services - click on link Services link
17:16:46.107 [main] INFO  testCases.TC_001_Services - *** finished TC_001_Services
17:17:01.868 [main] DEBUG testCases.TC_002_Shopify - application logs....
17:17:01.868 [main] INFO  testCases.TC_002_Shopify - *** Starting TC_002_Shopify
17:17:02.126 [main] INFO  testCases.TC_002_Shopify - click on Shopify link
17:17:02.249 [main] INFO  testCases.TC_002_Shopify - validating expected message
17:17:02.252 [main] INFO  testCases.TC_002_Shopify - *** finished TC_001_Services
17:17:15.473 [main] DEBUG testCases.TC_003_Blogs - application logs....
17:17:15.475 [main] INFO  testCases.TC_003_Blogs - *** Starting TC_003_Blogs
17:17:15.680 [main] INFO  testCases.TC_003_Blogs - click on Blog link
17:17:16.106 [main] INFO  testCases.TC_003_Blogs - validating expected message
17:17:16.107 [main] INFO  testCases.TC_003_Blogs - *** finished TC_003_Blogs
17:17:31.645 [main] DEBUG testCases.TC_004_Careers - application logs....
17:17:31.646 [main] INFO  testCases.TC_004_Careers - *** Starting TC_004_Careers
17:17:31.942 [main] INFO  testCases.TC_004_Careers - click on Careers link
17:17:46.995 [main] INFO  testCases.TC_004_Careers - validating expected message
17:20:10.001 [main] DEBUG testCases.TC_004_Careers - application logs....
17:20:10.005 [main] INFO  testCases.TC_004_Careers - *** Starting TC_004_Careers
17:20:10.237 [main] INFO  testCases.TC_004_Careers - click on Careers link
17:20:25.293 [main] INFO  testCases.TC_004_Careers - validating expected message
17:28:25.405 [main] DEBUG testCases.TC_004_Careers - application logs....
17:28:25.409 [main] INFO  testCases.TC_004_Careers - *** Starting TC_004_Careers
17:28:25.632 [main] INFO  testCases.TC_004_Careers - click on Careers link
17:28:40.693 [main] INFO  testCases.TC_004_Careers - validating expected message
17:33:06.504 [main] DEBUG testCases.TC_004_Careers - application logs....
17:33:06.510 [main] INFO  testCases.TC_004_Careers - *** Starting TC_004_Careers
17:33:06.781 [main] INFO  testCases.TC_004_Careers - click on Careers link
17:33:06.840 [main] INFO  testCases.TC_004_Careers - validating expected message
17:35:12.582 [main] DEBUG testCases.TC_004_Careers - application logs....
17:35:12.589 [main] INFO  testCases.TC_004_Careers - *** Starting TC_004_Careers
17:35:12.874 [main] INFO  testCases.TC_004_Careers - click on Careers link
17:35:13.559 [main] INFO  testCases.TC_004_Careers - validating expected message
17:36:30.498 [main] DEBUG testCases.TC_004_Careers - application logs....
17:36:30.501 [main] INFO  testCases.TC_004_Careers - *** Starting TC_004_Careers
17:36:30.765 [main] INFO  testCases.TC_004_Careers - click on Careers link
17:36:31.440 [main] INFO  testCases.TC_004_Careers - validating expected message
17:36:31.443 [main] INFO  testCases.TC_004_Careers - *** finished TC_004_Careers
10:42:22.838 [main] DEBUG testCases.TC_004_Careers - application logs....
10:42:22.844 [main] INFO  testCases.TC_004_Careers - *** Starting TC_004_Careers
10:42:23.084 [main] INFO  testCases.TC_004_Careers - click on Careers link
10:42:23.564 [main] INFO  testCases.TC_004_Careers - validating expected message
10:42:23.568 [main] INFO  testCases.TC_004_Careers - *** finished TC_004_Careers
10:45:17.133 [main] DEBUG testCases.TC_001_Services - application logs....
10:45:17.138 [main] INFO  testCases.TC_001_Services - *** Starting TC_001_Services
10:45:17.442 [main] INFO  testCases.TC_001_Services - click on link Services link
10:45:17.442 [main] INFO  testCases.TC_001_Services - *** finished TC_001_Services
10:45:33.309 [main] DEBUG testCases.TC_002_Shopify - application logs....
10:45:33.310 [main] INFO  testCases.TC_002_Shopify - *** Starting TC_002_Shopify
10:45:33.501 [main] INFO  testCases.TC_002_Shopify - click on Shopify link
10:45:33.677 [main] INFO  testCases.TC_002_Shopify - validating expected message
10:45:33.681 [main] INFO  testCases.TC_002_Shopify - *** finished TC_001_Services
10:45:55.573 [main] DEBUG testCases.TC_003_Blogs - application logs....
10:45:55.573 [main] INFO  testCases.TC_003_Blogs - *** Starting TC_003_Blogs
10:45:55.792 [main] INFO  testCases.TC_003_Blogs - click on Blog link
10:45:56.449 [main] INFO  testCases.TC_003_Blogs - validating expected message
10:45:56.449 [main] INFO  testCases.TC_003_Blogs - *** finished TC_003_Blogs
10:46:19.149 [main] DEBUG testCases.TC_004_Careers - application logs....
10:46:19.150 [main] INFO  testCases.TC_004_Careers - *** Starting TC_004_Careers
10:46:19.394 [main] INFO  testCases.TC_004_Careers - click on Careers link
10:46:19.865 [main] INFO  testCases.TC_004_Careers - validating expected message
10:46:19.866 [main] INFO  testCases.TC_004_Careers - *** finished TC_004_Careers
11:20:21.327 [main] DEBUG testCases.TC_001_Services - application logs....
11:20:21.331 [main] INFO  testCases.TC_001_Services - *** Starting TC_001_Services
11:20:21.617 [main] INFO  testCases.TC_001_Services - click on link Services link
11:20:21.617 [main] INFO  testCases.TC_001_Services - *** finished TC_001_Services
11:20:34.347 [main] DEBUG testCases.TC_002_Shopify - application logs....
11:20:34.347 [main] INFO  testCases.TC_002_Shopify - *** Starting TC_002_Shopify
11:20:34.563 [main] INFO  testCases.TC_002_Shopify - click on Shopify link
11:20:34.655 [main] INFO  testCases.TC_002_Shopify - validating expected message
11:20:34.658 [main] INFO  testCases.TC_002_Shopify - *** finished TC_001_Services
11:20:47.346 [main] DEBUG testCases.TC_003_Blogs - application logs....
11:20:47.347 [main] INFO  testCases.TC_003_Blogs - *** Starting TC_003_Blogs
11:20:47.572 [main] INFO  testCases.TC_003_Blogs - click on Blog link
11:20:48.056 [main] INFO  testCases.TC_003_Blogs - validating expected message
11:20:48.056 [main] INFO  testCases.TC_003_Blogs - *** finished TC_003_Blogs
11:20:59.804 [main] DEBUG testCases.TC_004_Careers - application logs....
11:20:59.805 [main] INFO  testCases.TC_004_Careers - *** Starting TC_004_Careers
11:21:00.011 [main] INFO  testCases.TC_004_Careers - click on Careers link
11:21:00.442 [main] INFO  testCases.TC_004_Careers - validating expected message
11:21:00.442 [main] INFO  testCases.TC_004_Careers - *** finished TC_004_Careers
11:21:13.912 [main] DEBUG testCases.TC_005_Case_Studies - application logs....
11:21:13.914 [main] INFO  testCases.TC_005_Case_Studies - *** Starting TC_005_test_Case_Studies
11:21:14.126 [main] INFO  testCases.TC_005_Case_Studies - click on Case_Studies link
11:21:14.607 [main] INFO  testCases.TC_005_Case_Studies - validating expected message
11:21:14.607 [main] INFO  testCases.TC_005_Case_Studies - *** finished TC_005_Case_Studies
12:45:22.627 [main] DEBUG testCases.TC_001_Services - application logs....
12:45:22.633 [main] INFO  testCases.TC_001_Services - *** Starting TC_001_Services
12:45:22.985 [main] INFO  testCases.TC_001_Services - click on link Services link
12:45:22.986 [main] INFO  testCases.TC_001_Services - *** finished TC_001_Services
12:45:35.727 [main] DEBUG testCases.TC_002_Shopify - application logs....
12:45:35.727 [main] INFO  testCases.TC_002_Shopify - *** Starting TC_002_Shopify
12:45:36.072 [main] INFO  testCases.TC_002_Shopify - click on Shopify link
12:45:36.191 [main] INFO  testCases.TC_002_Shopify - validating expected message
12:45:36.194 [main] INFO  testCases.TC_002_Shopify - *** finished TC_001_Services
12:45:48.531 [main] DEBUG testCases.TC_003_Blogs - application logs....
12:45:48.532 [main] INFO  testCases.TC_003_Blogs - *** Starting TC_003_Blogs
12:45:48.841 [main] INFO  testCases.TC_003_Blogs - click on Blog link
12:45:49.530 [main] INFO  testCases.TC_003_Blogs - validating expected message
12:45:49.531 [main] INFO  testCases.TC_003_Blogs - *** finished TC_003_Blogs
12:46:02.028 [main] DEBUG testCases.TC_004_Careers - application logs....
12:46:02.028 [main] INFO  testCases.TC_004_Careers - *** Starting TC_004_Careers
12:46:02.337 [main] INFO  testCases.TC_004_Careers - click on Careers link
12:46:02.962 [main] INFO  testCases.TC_004_Careers - validating expected message
12:46:02.962 [main] INFO  testCases.TC_004_Careers - *** finished TC_004_Careers
12:46:15.970 [main] DEBUG testCases.TC_005_Case_Studies - application logs....
12:46:15.971 [main] INFO  testCases.TC_005_Case_Studies - *** Starting TC_005_test_Case_Studies
12:46:16.283 [main] INFO  testCases.TC_005_Case_Studies - click on Case_Studies link
12:46:16.772 [main] INFO  testCases.TC_005_Case_Studies - validating expected message
12:46:30.109 [main] DEBUG testCases.TC_006_About_us - application logs....
12:46:30.110 [main] INFO  testCases.TC_006_About_us - *** Starting TC_006_test_About_us
12:46:30.444 [main] INFO  testCases.TC_006_About_us - click on About_us link
12:46:31.159 [main] INFO  testCases.TC_006_About_us - validating expected message
12:46:31.160 [main] INFO  testCases.TC_006_About_us - *** finished TC_006_About_us
12:48:49.350 [main] DEBUG testCases.TC_001_Services - application logs....
12:48:49.356 [main] INFO  testCases.TC_001_Services - *** Starting TC_001_Services
12:48:49.701 [main] INFO  testCases.TC_001_Services - click on link Services link
12:48:49.702 [main] INFO  testCases.TC_001_Services - *** finished TC_001_Services
12:49:03.715 [main] DEBUG testCases.TC_002_Shopify - application logs....
12:49:03.716 [main] INFO  testCases.TC_002_Shopify - *** Starting TC_002_Shopify
12:49:03.999 [main] INFO  testCases.TC_002_Shopify - click on Shopify link
12:49:04.102 [main] INFO  testCases.TC_002_Shopify - validating expected message
12:49:04.104 [main] INFO  testCases.TC_002_Shopify - *** finished TC_001_Services
12:49:17.504 [main] DEBUG testCases.TC_003_Blogs - application logs....
12:49:17.504 [main] INFO  testCases.TC_003_Blogs - *** Starting TC_003_Blogs
12:49:17.790 [main] INFO  testCases.TC_003_Blogs - click on Blog link
12:49:18.423 [main] INFO  testCases.TC_003_Blogs - validating expected message
12:49:18.423 [main] INFO  testCases.TC_003_Blogs - *** finished TC_003_Blogs
12:49:34.003 [main] DEBUG testCases.TC_004_Careers - application logs....
12:49:34.003 [main] INFO  testCases.TC_004_Careers - *** Starting TC_004_Careers
12:49:34.309 [main] INFO  testCases.TC_004_Careers - click on Careers link
12:49:34.731 [main] INFO  testCases.TC_004_Careers - validating expected message
12:49:34.731 [main] INFO  testCases.TC_004_Careers - *** finished TC_004_Careers
12:49:47.306 [main] DEBUG testCases.TC_005_Case_Studies - application logs....
12:49:47.307 [main] INFO  testCases.TC_005_Case_Studies - *** Starting TC_005_test_Case_Studies
12:49:47.555 [main] INFO  testCases.TC_005_Case_Studies - click on Case_Studies link
12:49:48.298 [main] INFO  testCases.TC_005_Case_Studies - validating expected message
12:50:02.316 [main] DEBUG testCases.TC_006_About_us - application logs....
12:50:02.317 [main] INFO  testCases.TC_006_About_us - *** Starting TC_006_test_About_us
12:50:02.602 [main] INFO  testCases.TC_006_About_us - click on About_us link
12:50:03.374 [main] INFO  testCases.TC_006_About_us - validating expected message
12:50:03.374 [main] INFO  testCases.TC_006_About_us - *** finished TC_006_About_us
12:55:58.394 [main] DEBUG testCases.TC_001_Services - application logs....
12:55:58.399 [main] INFO  testCases.TC_001_Services - *** Starting TC_001_Services
12:55:58.787 [main] INFO  testCases.TC_001_Services - click on link Services link
12:55:58.787 [main] INFO  testCases.TC_001_Services - *** finished TC_001_Services
12:56:11.111 [main] DEBUG testCases.TC_002_Shopify - application logs....
12:56:11.112 [main] INFO  testCases.TC_002_Shopify - *** Starting TC_002_Shopify
12:56:11.453 [main] INFO  testCases.TC_002_Shopify - click on Shopify link
12:56:11.571 [main] INFO  testCases.TC_002_Shopify - validating expected message
12:56:11.574 [main] INFO  testCases.TC_002_Shopify - *** finished TC_001_Services
12:56:23.931 [main] DEBUG testCases.TC_003_Blogs - application logs....
12:56:23.931 [main] INFO  testCases.TC_003_Blogs - *** Starting TC_003_Blogs
12:56:24.240 [main] INFO  testCases.TC_003_Blogs - click on Blog link
12:56:24.700 [main] INFO  testCases.TC_003_Blogs - validating expected message
12:56:24.700 [main] INFO  testCases.TC_003_Blogs - *** finished TC_003_Blogs
12:56:37.944 [main] DEBUG testCases.TC_004_Careers - application logs....
12:56:37.945 [main] INFO  testCases.TC_004_Careers - *** Starting TC_004_Careers
12:56:38.287 [main] INFO  testCases.TC_004_Careers - click on Careers link
12:56:38.842 [main] INFO  testCases.TC_004_Careers - validating expected message
12:56:38.843 [main] INFO  testCases.TC_004_Careers - *** finished TC_004_Careers
12:56:54.952 [main] DEBUG testCases.TC_005_Case_Studies - application logs....
12:56:54.953 [main] INFO  testCases.TC_005_Case_Studies - *** Starting TC_005_test_Case_Studies
12:56:55.371 [main] INFO  testCases.TC_005_Case_Studies - click on Case_Studies link
12:56:55.860 [main] INFO  testCases.TC_005_Case_Studies - validating expected message
12:57:08.680 [main] DEBUG testCases.TC_006_About_us - application logs....
12:57:08.680 [main] INFO  testCases.TC_006_About_us - *** Starting TC_006_test_About_us
12:57:08.979 [main] INFO  testCases.TC_006_About_us - click on About_us link
12:57:09.414 [main] INFO  testCases.TC_006_About_us - validating expected message
12:57:09.414 [main] INFO  testCases.TC_006_About_us - *** finished TC_006_About_us
13:01:16.746 [main] DEBUG testCases.TC_001_Services - application logs....
13:01:16.752 [main] INFO  testCases.TC_001_Services - *** Starting TC_001_Services
13:01:17.116 [main] INFO  testCases.TC_001_Services - click on link Services link
13:01:17.116 [main] INFO  testCases.TC_001_Services - *** finished TC_001_Services
13:01:30.231 [main] DEBUG testCases.TC_002_Shopify - application logs....
13:01:30.231 [main] INFO  testCases.TC_002_Shopify - *** Starting TC_002_Shopify
13:01:30.564 [main] INFO  testCases.TC_002_Shopify - click on Shopify link
13:01:30.662 [main] INFO  testCases.TC_002_Shopify - validating expected message
13:01:30.666 [main] INFO  testCases.TC_002_Shopify - *** finished TC_001_Services
13:01:44.603 [main] DEBUG testCases.TC_003_Blogs - application logs....
13:01:44.603 [main] INFO  testCases.TC_003_Blogs - *** Starting TC_003_Blogs
13:01:44.875 [main] INFO  testCases.TC_003_Blogs - click on Blog link
13:01:45.534 [main] INFO  testCases.TC_003_Blogs - validating expected message
13:01:45.534 [main] INFO  testCases.TC_003_Blogs - *** finished TC_003_Blogs
13:01:57.999 [main] DEBUG testCases.TC_004_Careers - application logs....
13:01:57.999 [main] INFO  testCases.TC_004_Careers - *** Starting TC_004_Careers
13:01:58.300 [main] INFO  testCases.TC_004_Careers - click on Careers link
13:01:58.958 [main] INFO  testCases.TC_004_Careers - validating expected message
13:01:58.959 [main] INFO  testCases.TC_004_Careers - *** finished TC_004_Careers
13:02:13.001 [main] DEBUG testCases.TC_005_Case_Studies - application logs....
13:02:13.003 [main] INFO  testCases.TC_005_Case_Studies - *** Starting TC_005_test_Case_Studies
13:02:13.309 [main] INFO  testCases.TC_005_Case_Studies - click on Case_Studies link
13:02:13.778 [main] INFO  testCases.TC_005_Case_Studies - validating expected message
13:02:13.779 [main] INFO  testCases.TC_005_Case_Studies - *** finished TC_005_Case_Studies
13:02:27.433 [main] DEBUG testCases.TC_006_About_us - application logs....
13:02:27.434 [main] INFO  testCases.TC_006_About_us - *** Starting TC_006_test_About_us
13:02:27.737 [main] INFO  testCases.TC_006_About_us - click on About_us link
13:02:28.414 [main] INFO  testCases.TC_006_About_us - validating expected message
13:02:28.414 [main] INFO  testCases.TC_006_About_us - *** finished TC_006_About_us
13:03:28.772 [main] DEBUG testCases.TC_001_Services - application logs....
13:03:28.779 [main] INFO  testCases.TC_001_Services - *** Starting TC_001_Services
13:03:29.146 [main] INFO  testCases.TC_001_Services - click on link Services link
13:03:29.146 [main] INFO  testCases.TC_001_Services - *** finished TC_001_Services
13:03:43.612 [main] DEBUG testCases.TC_002_Shopify - application logs....
13:03:43.613 [main] INFO  testCases.TC_002_Shopify - *** Starting TC_002_Shopify
13:03:43.999 [main] INFO  testCases.TC_002_Shopify - click on Shopify link
13:03:44.096 [main] INFO  testCases.TC_002_Shopify - validating expected message
13:03:44.100 [main] INFO  testCases.TC_002_Shopify - *** finished TC_001_Services
13:03:56.755 [main] DEBUG testCases.TC_003_Blogs - application logs....
13:03:56.756 [main] INFO  testCases.TC_003_Blogs - *** Starting TC_003_Blogs
13:03:57.017 [main] INFO  testCases.TC_003_Blogs - click on Blog link
13:03:57.709 [main] INFO  testCases.TC_003_Blogs - validating expected message
13:03:57.709 [main] INFO  testCases.TC_003_Blogs - *** finished TC_003_Blogs
13:04:10.442 [main] DEBUG testCases.TC_004_Careers - application logs....
13:04:10.442 [main] INFO  testCases.TC_004_Careers - *** Starting TC_004_Careers
13:04:10.736 [main] INFO  testCases.TC_004_Careers - click on Careers link
13:04:11.338 [main] INFO  testCases.TC_004_Careers - validating expected message
13:04:11.339 [main] INFO  testCases.TC_004_Careers - *** finished TC_004_Careers
13:04:24.213 [main] DEBUG testCases.TC_005_Case_Studies - application logs....
13:04:24.213 [main] INFO  testCases.TC_005_Case_Studies - *** Starting TC_005_test_Case_Studies
13:04:24.514 [main] INFO  testCases.TC_005_Case_Studies - click on Case_Studies link
13:04:25.246 [main] INFO  testCases.TC_005_Case_Studies - validating expected message
13:04:41.466 [main] DEBUG testCases.TC_006_About_us - application logs....
13:04:41.467 [main] INFO  testCases.TC_006_About_us - *** Starting TC_006_test_About_us
13:04:41.767 [main] INFO  testCases.TC_006_About_us - click on About_us link
13:04:42.776 [main] INFO  testCases.TC_006_About_us - validating expected message
13:04:42.776 [main] INFO  testCases.TC_006_About_us - *** finished TC_006_About_us
13:10:29.535 [main] DEBUG testCases.TC_001_Services - application logs....
13:10:29.542 [main] INFO  testCases.TC_001_Services - *** Starting TC_001_Services
13:10:29.929 [main] INFO  testCases.TC_001_Services - click on link Services link
13:10:29.929 [main] INFO  testCases.TC_001_Services - *** finished TC_001_Services
13:10:45.224 [main] DEBUG testCases.TC_002_Shopify - application logs....
13:10:45.226 [main] INFO  testCases.TC_002_Shopify - *** Starting TC_002_Shopify
13:10:45.470 [main] INFO  testCases.TC_002_Shopify - click on Shopify link
13:10:45.569 [main] INFO  testCases.TC_002_Shopify - validating expected message
13:10:45.572 [main] INFO  testCases.TC_002_Shopify - *** finished TC_001_Services
13:10:59.270 [main] DEBUG testCases.TC_003_Blogs - application logs....
13:10:59.271 [main] INFO  testCases.TC_003_Blogs - *** Starting TC_003_Blogs
13:10:59.588 [main] INFO  testCases.TC_003_Blogs - click on Blog link
13:10:59.994 [main] INFO  testCases.TC_003_Blogs - validating expected message
13:10:59.994 [main] INFO  testCases.TC_003_Blogs - *** finished TC_003_Blogs
13:11:15.748 [main] DEBUG testCases.TC_004_Careers - application logs....
13:11:15.749 [main] INFO  testCases.TC_004_Careers - *** Starting TC_004_Careers
13:11:16.048 [main] INFO  testCases.TC_004_Careers - click on Careers link
13:11:16.470 [main] INFO  testCases.TC_004_Careers - validating expected message
13:11:16.470 [main] INFO  testCases.TC_004_Careers - *** finished TC_004_Careers
13:11:29.665 [main] DEBUG testCases.TC_005_Case_Studies - application logs....
13:11:29.666 [main] INFO  testCases.TC_005_Case_Studies - *** Starting TC_005_test_Case_Studies
13:11:29.945 [main] INFO  testCases.TC_005_Case_Studies - click on Case_Studies link
13:11:31.034 [main] INFO  testCases.TC_005_Case_Studies - validating expected message
13:11:31.035 [main] INFO  testCases.TC_005_Case_Studies - *** finished TC_005_Case_Studies
13:11:44.048 [main] DEBUG testCases.TC_006_About_us - application logs....
13:11:44.049 [main] INFO  testCases.TC_006_About_us - *** Starting TC_006_test_About_us
13:11:44.351 [main] INFO  testCases.TC_006_About_us - click on About_us link
13:11:44.812 [main] INFO  testCases.TC_006_About_us - validating expected message
13:11:44.813 [main] INFO  testCases.TC_006_About_us - *** finished TC_006_About_us
14:36:22.280 [main] DEBUG testCases.TC_001_Services - application logs....
14:36:22.283 [main] INFO  testCases.TC_001_Services - *** Starting TC_001_Services
14:36:22.446 [main] INFO  testCases.TC_001_Services - click on link Services link
14:36:22.446 [main] INFO  testCases.TC_001_Services - *** finished TC_001_Services
14:36:34.452 [main] DEBUG testCases.TC_001_1_Wordpress_development - application logs....
14:36:34.452 [main] INFO  testCases.TC_001_1_Wordpress_development - *** Starting  TC_001_1_Wordpress_development
14:36:34.542 [main] INFO  testCases.TC_001_1_Wordpress_development - click on link Services link
14:36:49.568 [main] INFO  testCases.TC_001_1_Wordpress_development - validating expected message
14:36:59.335 [main] DEBUG testCases.TC_002_Shopify - application logs....
14:36:59.335 [main] INFO  testCases.TC_002_Shopify - *** Starting TC_002_Shopify
14:36:59.491 [main] INFO  testCases.TC_002_Shopify - click on Shopify link
14:36:59.586 [main] INFO  testCases.TC_002_Shopify - validating expected message
14:36:59.586 [main] INFO  testCases.TC_002_Shopify - *** finished TC_001_Services
14:37:09.310 [main] DEBUG testCases.TC_003_Blogs - application logs....
14:37:09.310 [main] INFO  testCases.TC_003_Blogs - *** Starting TC_003_Blogs
14:37:09.417 [main] INFO  testCases.TC_003_Blogs - click on Blog link
14:37:09.810 [main] INFO  testCases.TC_003_Blogs - validating expected message
14:37:09.810 [main] INFO  testCases.TC_003_Blogs - *** finished TC_003_Blogs
14:37:23.865 [main] DEBUG testCases.TC_004_Careers - application logs....
14:37:23.866 [main] INFO  testCases.TC_004_Careers - *** Starting TC_004_Careers
14:37:24.000 [main] INFO  testCases.TC_004_Careers - click on Careers link
14:37:24.365 [main] INFO  testCases.TC_004_Careers - validating expected message
14:37:24.366 [main] INFO  testCases.TC_004_Careers - *** finished TC_004_Careers
14:37:36.013 [main] DEBUG testCases.TC_005_Case_Studies - application logs....
14:37:36.014 [main] INFO  testCases.TC_005_Case_Studies - *** Starting TC_005_test_Case_Studies
14:37:36.112 [main] INFO  testCases.TC_005_Case_Studies - click on Case_Studies link
14:37:37.137 [main] INFO  testCases.TC_005_Case_Studies - validating expected message
14:37:37.137 [main] INFO  testCases.TC_005_Case_Studies - *** finished TC_005_Case_Studies
14:37:48.451 [main] DEBUG testCases.TC_006_About_us - application logs....
14:37:48.451 [main] INFO  testCases.TC_006_About_us - *** Starting TC_006_test_About_us
14:37:48.602 [main] INFO  testCases.TC_006_About_us - click on About_us link
14:37:49.024 [main] INFO  testCases.TC_006_About_us - validating expected message
14:37:49.024 [main] INFO  testCases.TC_006_About_us - *** finished TC_006_About_us
14:45:29.458 [main] DEBUG testCases.TC_001_Services - application logs....
14:45:29.460 [main] INFO  testCases.TC_001_Services - *** Starting TC_001_Services
14:45:29.648 [main] INFO  testCases.TC_001_Services - click on link Services link
14:45:29.648 [main] INFO  testCases.TC_001_Services - *** finished TC_001_Services
14:45:40.347 [main] DEBUG testCases.TC_001_1_Wordpress_development - application logs....
14:45:40.347 [main] INFO  testCases.TC_001_1_Wordpress_development - *** Starting  TC_001_1_Wordpress_development
14:45:40.469 [main] INFO  testCases.TC_001_1_Wordpress_development - click on link Services link
14:45:56.542 [main] INFO  testCases.TC_001_1_Wordpress_development - validating expected message
15:43:45.723 [main] DEBUG testCases.TC_001_Services - application logs....
15:43:45.726 [main] INFO  testCases.TC_001_Services - *** Starting TC_001_Services
15:43:45.863 [main] INFO  testCases.TC_001_Services - click on link Services link
15:43:45.863 [main] INFO  testCases.TC_001_Services - *** finished TC_001_Services
15:43:55.487 [main] DEBUG testCases.TC_001_1_Wordpress_development - application logs....
15:43:55.487 [main] INFO  testCases.TC_001_1_Wordpress_development - *** Starting  TC_001_1_Wordpress_development
15:43:55.648 [main] INFO  testCases.TC_001_1_Wordpress_development - click on link Services link
15:44:11.682 [main] INFO  testCases.TC_001_1_Wordpress_development - validating expected message
15:47:40.252 [main] DEBUG testCases.TC_001_Services - application logs....
15:47:40.256 [main] INFO  testCases.TC_001_Services - *** Starting TC_001_Services
15:47:40.383 [main] INFO  testCases.TC_001_Services - click on link Services link
15:47:40.383 [main] INFO  testCases.TC_001_Services - *** finished TC_001_Services
15:47:49.666 [main] DEBUG testCases.TC_001_1_Wordpress_development - application logs....
15:47:49.668 [main] INFO  testCases.TC_001_1_Wordpress_development - *** Starting  TC_001_1_Wordpress_development
15:47:50.013 [main] INFO  testCases.TC_001_1_Wordpress_development - click on link Services link
15:47:51.046 [main] INFO  testCases.TC_001_1_Wordpress_development - validating expected message
15:54:50.532 [main] DEBUG testCases.TC_001_Services - application logs....
15:54:50.535 [main] INFO  testCases.TC_001_Services - *** Starting TC_001_Services
15:54:50.734 [main] INFO  testCases.TC_001_Services - click on link Services link
15:54:50.734 [main] INFO  testCases.TC_001_Services - *** finished TC_001_Services
15:55:02.080 [main] DEBUG testCases.TC_001_1_Wordpress_development - application logs....
15:55:02.080 [main] INFO  testCases.TC_001_1_Wordpress_development - *** Starting  TC_001_1_Wordpress_development
15:55:02.404 [main] INFO  testCases.TC_001_1_Wordpress_development - click on link Services link
15:55:03.445 [main] INFO  testCases.TC_001_1_Wordpress_development - validating expected message
15:55:03.448 [main] INFO  testCases.TC_001_1_Wordpress_development - *** finished TC_001_1_Wordpress_development
15:56:51.004 [main] DEBUG testCases.TC_001_Services - application logs....
15:56:51.006 [main] INFO  testCases.TC_001_Services - *** Starting TC_001_Services
15:56:51.148 [main] INFO  testCases.TC_001_Services - click on link Services link
15:56:51.148 [main] INFO  testCases.TC_001_Services - *** finished TC_001_Services
15:57:01.143 [main] DEBUG testCases.TC_001_1_Wordpress_development - application logs....
15:57:01.144 [main] INFO  testCases.TC_001_1_Wordpress_development - *** Starting  TC_001_1_Wordpress_development
15:57:01.473 [main] INFO  testCases.TC_001_1_Wordpress_development - click on link Services link
15:57:02.505 [main] INFO  testCases.TC_001_1_Wordpress_development - validating expected message
15:57:02.506 [main] INFO  testCases.TC_001_1_Wordpress_development - *** finished TC_001_1_Wordpress_development
15:57:11.712 [main] DEBUG testCases.TC_002_Shopify - application logs....
15:57:11.712 [main] INFO  testCases.TC_002_Shopify - *** Starting TC_002_Shopify
15:57:11.846 [main] INFO  testCases.TC_002_Shopify - click on Shopify link
15:57:11.931 [main] INFO  testCases.TC_002_Shopify - validating expected message
15:57:11.932 [main] INFO  testCases.TC_002_Shopify - *** finished TC_001_Services
15:57:24.254 [main] DEBUG testCases.TC_003_Blogs - application logs....
15:57:24.255 [main] INFO  testCases.TC_003_Blogs - *** Starting TC_003_Blogs
15:57:24.373 [main] INFO  testCases.TC_003_Blogs - click on Blog link
15:57:24.772 [main] INFO  testCases.TC_003_Blogs - validating expected message
15:57:24.772 [main] INFO  testCases.TC_003_Blogs - *** finished TC_003_Blogs
15:57:35.353 [main] DEBUG testCases.TC_004_Careers - application logs....
15:57:35.353 [main] INFO  testCases.TC_004_Careers - *** Starting TC_004_Careers
15:57:35.521 [main] INFO  testCases.TC_004_Careers - click on Careers link
15:57:35.909 [main] INFO  testCases.TC_004_Careers - validating expected message
15:57:35.909 [main] INFO  testCases.TC_004_Careers - *** finished TC_004_Careers
15:57:45.207 [main] DEBUG testCases.TC_005_Case_Studies - application logs....
15:57:45.207 [main] INFO  testCases.TC_005_Case_Studies - *** Starting TC_005_test_Case_Studies
15:57:45.372 [main] INFO  testCases.TC_005_Case_Studies - click on Case_Studies link
15:57:46.409 [main] INFO  testCases.TC_005_Case_Studies - validating expected message
15:57:46.409 [main] INFO  testCases.TC_005_Case_Studies - *** finished TC_005_Case_Studies
15:57:57.837 [main] DEBUG testCases.TC_006_About_us - application logs....
15:57:57.837 [main] INFO  testCases.TC_006_About_us - *** Starting TC_006_test_About_us
15:57:57.978 [main] INFO  testCases.TC_006_About_us - click on About_us link
15:57:58.300 [main] INFO  testCases.TC_006_About_us - validating expected message
15:57:58.300 [main] INFO  testCases.TC_006_About_us - *** finished TC_006_About_us
17:44:13.086 [main] DEBUG testCases.TC_001_Services - application logs....
17:44:13.090 [main] INFO  testCases.TC_001_Services - *** Starting TC_001_Services
17:44:13.393 [main] INFO  testCases.TC_001_Services - click on link Services link
17:44:13.393 [main] INFO  testCases.TC_001_Services - *** finished TC_001_Services
17:44:22.270 [main] DEBUG testCases.TC_001_1_Wordpress_development - application logs....
17:44:22.271 [main] INFO  testCases.TC_001_1_Wordpress_development - *** Starting  TC_001_1_Wordpress_development
17:44:22.728 [main] INFO  testCases.TC_001_1_Wordpress_development - click on link Services link
17:44:23.785 [main] INFO  testCases.TC_001_1_Wordpress_development - validating expected message
17:44:23.788 [main] INFO  testCases.TC_001_1_Wordpress_development - *** finished TC_001_1_Wordpress_development
17:44:33.099 [main] DEBUG testCases.TC_001_2_Blockchain_Dev - application logs....
17:44:33.099 [main] INFO  testCases.TC_001_2_Blockchain_Dev - *** Starting  TC_001_2_Blockchain_Dev
17:44:33.508 [main] INFO  testCases.TC_001_2_Blockchain_Dev - click on link Services link
17:44:48.615 [main] INFO  testCases.TC_001_2_Blockchain_Dev - validating expected message
17:48:19.937 [main] DEBUG testCases.TC_001_Services - application logs....
17:48:19.941 [main] INFO  testCases.TC_001_Services - *** Starting TC_001_Services
17:48:20.262 [main] INFO  testCases.TC_001_Services - click on link Services link
17:48:20.262 [main] INFO  testCases.TC_001_Services - *** finished TC_001_Services
17:48:33.810 [main] DEBUG testCases.TC_001_1_Wordpress_development - application logs....
17:48:33.810 [main] INFO  testCases.TC_001_1_Wordpress_development - *** Starting  TC_001_1_Wordpress_development
17:48:34.260 [main] INFO  testCases.TC_001_1_Wordpress_development - click on link Services link
17:48:50.343 [main] INFO  testCases.TC_001_1_Wordpress_development - validating expected message
17:49:04.038 [main] DEBUG testCases.TC_001_2_Blockchain_Dev - application logs....
17:49:04.039 [main] INFO  testCases.TC_001_2_Blockchain_Dev - *** Starting  TC_001_2_Blockchain_Dev
17:49:04.492 [main] INFO  testCases.TC_001_2_Blockchain_Dev - click on link Services link
17:49:05.157 [main] INFO  testCases.TC_001_2_Blockchain_Dev - validating expected message
17:49:05.158 [main] INFO  testCases.TC_001_2_Blockchain_Dev - *** finished TC_001_2_Blockchain_Dev
17:51:50.844 [main] DEBUG testCases.TC_001_Services - application logs....
17:51:50.848 [main] INFO  testCases.TC_001_Services - *** Starting TC_001_Services
17:51:51.089 [main] INFO  testCases.TC_001_Services - click on link Services link
17:51:51.089 [main] INFO  testCases.TC_001_Services - *** finished TC_001_Services
17:52:07.046 [main] DEBUG testCases.TC_001_1_Wordpress_development - application logs....
17:52:07.046 [main] INFO  testCases.TC_001_1_Wordpress_development - *** Starting  TC_001_1_Wordpress_development
17:52:07.526 [main] INFO  testCases.TC_001_1_Wordpress_development - click on link Services link
17:52:08.584 [main] INFO  testCases.TC_001_1_Wordpress_development - validating expected message
17:52:08.588 [main] INFO  testCases.TC_001_1_Wordpress_development - *** finished TC_001_1_Wordpress_development
17:52:21.686 [main] DEBUG testCases.TC_001_2_Blockchain_Dev - application logs....
17:52:21.687 [main] INFO  testCases.TC_001_2_Blockchain_Dev - *** Starting  TC_001_2_Blockchain_Dev
17:52:22.085 [main] INFO  testCases.TC_001_2_Blockchain_Dev - click on link Services link
17:52:22.496 [main] INFO  testCases.TC_001_2_Blockchain_Dev - validating expected message
17:52:22.496 [main] INFO  testCases.TC_001_2_Blockchain_Dev - *** finished TC_001_2_Blockchain_Dev
19:13:43.215 [main] DEBUG testCases.TC_001_Services - application logs....
19:13:43.219 [main] INFO  testCases.TC_001_Services - *** Starting TC_001_Services
19:13:43.496 [main] INFO  testCases.TC_001_Services - click on link Services link
19:13:43.497 [main] INFO  testCases.TC_001_Services - *** finished TC_001_Services
19:13:54.731 [main] DEBUG testCases.TC_001_1_Wordpress_development - application logs....
19:13:54.731 [main] INFO  testCases.TC_001_1_Wordpress_development - *** Starting  TC_001_1_Wordpress_development
19:13:55.178 [main] INFO  testCases.TC_001_1_Wordpress_development - click on link Services link
19:13:56.285 [main] INFO  testCases.TC_001_1_Wordpress_development - validating expected message
19:13:56.289 [main] INFO  testCases.TC_001_1_Wordpress_development - *** finished TC_001_1_Wordpress_development
19:14:09.953 [main] DEBUG testCases.TC_001_2_Blockchain_Dev - application logs....
19:14:09.953 [main] INFO  testCases.TC_001_2_Blockchain_Dev - *** Starting  TC_001_2_Blockchain_Dev
19:14:10.443 [main] INFO  testCases.TC_001_2_Blockchain_Dev - click on link Services link
19:14:10.891 [main] INFO  testCases.TC_001_2_Blockchain_Dev - validating expected message
19:14:10.891 [main] INFO  testCases.TC_001_2_Blockchain_Dev - *** finished TC_001_2_Blockchain_Dev
19:14:21.868 [main] DEBUG testCases.TC_001_3_Design_Prototyping - application logs....
19:14:21.869 [main] INFO  testCases.TC_001_3_Design_Prototyping - *** Starting  TC_001_3_Design_Prototyping
19:14:22.284 [main] INFO  testCases.TC_001_3_Design_Prototyping - click on link Services link
19:14:22.728 [main] INFO  testCases.TC_001_3_Design_Prototyping - validating expected message
19:14:22.728 [main] INFO  testCases.TC_001_3_Design_Prototyping - *** finished TC_001_3_Design_Prototyping
19:15:48.430 [main] DEBUG testCases.TC_001_Services - application logs....
19:15:48.437 [main] INFO  testCases.TC_001_Services - *** Starting TC_001_Services
19:15:48.609 [main] INFO  testCases.TC_001_Services - click on link Services link
19:15:48.609 [main] INFO  testCases.TC_001_Services - *** finished TC_001_Services
19:15:57.667 [main] DEBUG testCases.TC_001_1_Wordpress_development - application logs....
19:15:57.668 [main] INFO  testCases.TC_001_1_Wordpress_development - *** Starting  TC_001_1_Wordpress_development
19:15:58.170 [main] INFO  testCases.TC_001_1_Wordpress_development - click on link Services link
19:15:59.227 [main] INFO  testCases.TC_001_1_Wordpress_development - validating expected message
19:15:59.231 [main] INFO  testCases.TC_001_1_Wordpress_development - *** finished TC_001_1_Wordpress_development
19:16:09.003 [main] DEBUG testCases.TC_001_2_Blockchain_Dev - application logs....
19:16:09.004 [main] INFO  testCases.TC_001_2_Blockchain_Dev - *** Starting  TC_001_2_Blockchain_Dev
19:16:09.427 [main] INFO  testCases.TC_001_2_Blockchain_Dev - click on link Services link
19:16:09.965 [main] INFO  testCases.TC_001_2_Blockchain_Dev - validating expected message
19:16:09.965 [main] INFO  testCases.TC_001_2_Blockchain_Dev - *** finished TC_001_2_Blockchain_Dev
19:16:18.471 [main] DEBUG testCases.TC_001_3_Design_Prototyping - application logs....
19:16:18.471 [main] INFO  testCases.TC_001_3_Design_Prototyping - *** Starting  TC_001_3_Design_Prototyping
19:16:18.868 [main] INFO  testCases.TC_001_3_Design_Prototyping - click on link Services link
19:16:19.297 [main] INFO  testCases.TC_001_3_Design_Prototyping - validating expected message
19:16:19.298 [main] INFO  testCases.TC_001_3_Design_Prototyping - *** finished TC_001_3_Design_Prototyping
19:16:30.668 [main] DEBUG testCases.TC_002_Shopify - application logs....
19:16:30.668 [main] INFO  testCases.TC_002_Shopify - *** Starting TC_002_Shopify
19:16:30.949 [main] INFO  testCases.TC_002_Shopify - click on Shopify link
19:16:31.052 [main] INFO  testCases.TC_002_Shopify - validating expected message
19:16:31.052 [main] INFO  testCases.TC_002_Shopify - *** finished TC_001_Services
19:16:46.836 [main] DEBUG testCases.TC_003_Blogs - application logs....
19:16:46.836 [main] INFO  testCases.TC_003_Blogs - *** Starting TC_003_Blogs
19:16:47.035 [main] INFO  testCases.TC_003_Blogs - click on Blog link
19:16:47.437 [main] INFO  testCases.TC_003_Blogs - validating expected message
19:16:47.438 [main] INFO  testCases.TC_003_Blogs - *** finished TC_003_Blogs
19:16:56.943 [main] DEBUG testCases.TC_004_Careers - application logs....
19:16:56.943 [main] INFO  testCases.TC_004_Careers - *** Starting TC_004_Careers
19:16:57.200 [main] INFO  testCases.TC_004_Careers - click on Careers link
19:16:57.600 [main] INFO  testCases.TC_004_Careers - validating expected message
19:16:57.600 [main] INFO  testCases.TC_004_Careers - *** finished TC_004_Careers
19:17:07.369 [main] DEBUG testCases.TC_005_Case_Studies - application logs....
19:17:07.370 [main] INFO  testCases.TC_005_Case_Studies - *** Starting TC_005_test_Case_Studies
19:17:07.581 [main] INFO  testCases.TC_005_Case_Studies - click on Case_Studies link
19:17:08.634 [main] INFO  testCases.TC_005_Case_Studies - validating expected message
19:17:08.635 [main] INFO  testCases.TC_005_Case_Studies - *** finished TC_005_Case_Studies
19:17:18.234 [main] DEBUG testCases.TC_006_About_us - application logs....
19:17:18.234 [main] INFO  testCases.TC_006_About_us - *** Starting TC_006_test_About_us
19:17:18.477 [main] INFO  testCases.TC_006_About_us - click on About_us link
19:17:18.981 [main] INFO  testCases.TC_006_About_us - validating expected message
19:17:18.982 [main] INFO  testCases.TC_006_About_us - *** finished TC_006_About_us
